2024-12-08 10:11:36,817 INFO     []
2024-12-08 10:11:37,965 INFO     ('/tmp/[Puff_泡芙_] 【直播回放】佛系主播 埋头唱歌！ 2024年12月01日10点场 20241201..mp4', 'total seconds', '2:34:45')
2024-12-08 10:11:37,965 DEBUG    filelength 9285 is         larger than thres 800, triggering a segmentation.
2024-12-08 10:11:37,965 INFO     ['segmenting', '/tmp/[Puff_泡芙_] 【直播回放】佛系主播 埋头唱歌！ 2024年12月01日10点场 20241201..mp4', 'from', 'infinity', 'to', '0:13:20']
2024-12-08 10:11:37,972 DEBUG    Creating converter from 3 to 5
2024-12-08 10:30:08,503 INFO     []
2024-12-08 10:30:09,694 INFO     ('/tmp/[Puff_泡芙_] 【直播回放】佛系主播 埋头唱歌！ 2024年12月01日10点场 20241201..mp4', 'total seconds', '2:34:45')
2024-12-08 10:30:09,694 DEBUG    filelength 9285 is         larger than thres 800, triggering a segmentation.
2024-12-08 10:30:09,694 INFO     ['segmenting', '/tmp/[Puff_泡芙_] 【直播回放】佛系主播 埋头唱歌！ 2024年12月01日10点场 20241201..mp4', 'from', 'infinity', 'to', '0:13:20']
2024-12-08 10:30:09,701 DEBUG    Creating converter from 3 to 5
2024-12-09 15:51:36,908 INFO     []
2024-12-09 15:51:38,029 INFO     ('/tmp/[Puff_泡芙_] 【直播回放】佛系主播 埋头唱歌！ 2024年12月01日10点场 20241201..mp4', 'total seconds', '2:34:45')
2024-12-09 15:51:38,029 DEBUG    filelength 9285 is         larger than thres 800, triggering a segmentation.
2024-12-09 15:51:38,030 INFO     ['segmenting', '/tmp/[Puff_泡芙_] 【直播回放】佛系主播 埋头唱歌！ 2024年12月01日10点场 20241201..mp4', 'from', 'infinity', 'to', '0:13:20']
2024-12-09 15:51:38,035 DEBUG    Creating converter from 3 to 5
2024-12-10 06:08:09,246 INFO     []
2024-12-10 06:08:10,379 INFO     ('/tmp/[Puff_泡芙_] 【直播回放】佛系主播 埋头唱歌！ 2024年12月10日10点场 20241210..mp4', 'total seconds', '2:23:27')
2024-12-10 06:08:10,379 DEBUG    filelength 8607 is         larger than thres 800, triggering a segmentation.
2024-12-10 06:08:10,380 INFO     ['segmenting', '/tmp/[Puff_泡芙_] 【直播回放】佛系主播 埋头唱歌！ 2024年12月10日10点场 20241210..mp4', 'from', 'infinity', 'to', '0:13:20']
2024-12-10 06:08:10,386 DEBUG    Creating converter from 3 to 5
2024-12-11 07:51:58,765 INFO     []
2024-12-11 07:51:59,983 INFO     ('/tmp/[Puff_泡芙_] 【直播回放】佛系主播 埋头唱歌！ 2024年12月11日10点场 20241211..mp4', 'total seconds', '2:34:30')
2024-12-11 07:51:59,983 DEBUG    filelength 9270 is         larger than thres 800, triggering a segmentation.
2024-12-11 07:51:59,984 INFO     ['segmenting', '/tmp/[Puff_泡芙_] 【直播回放】佛系主播 埋头唱歌！ 2024年12月11日10点场 20241211..mp4', 'from', 'infinity', 'to', '0:13:20']
2024-12-11 07:52:00,055 DEBUG    Creating converter from 3 to 5
2024-12-12 05:17:06,653 INFO     []
2024-12-12 05:17:07,968 INFO     ('/tmp/[Puff_泡芙_] 【直播回放】佛系主播 埋头唱歌！ 2024年12月12日10点场 20241212..mp4', 'total seconds', '2:35:27')
2024-12-12 05:17:07,968 DEBUG    filelength 9327 is         larger than thres 800, triggering a segmentation.
2024-12-12 05:17:07,970 INFO     ['segmenting', '/tmp/[Puff_泡芙_] 【直播回放】佛系主播 埋头唱歌！ 2024年12月12日10点场 20241212..mp4', 'from', 'infinity', 'to', '0:13:20']
2024-12-12 05:17:07,992 DEBUG    Creating converter from 3 to 5
2024-12-13 06:16:12,926 INFO     []
2024-12-13 06:16:14,087 INFO     ('/tmp/[Puff_泡芙_] 【直播回放】佛系主播 埋头唱歌！ 2024年12月13日10点场 20241213..mp4', 'total seconds', '1:53:23')
2024-12-13 06:16:14,088 DEBUG    filelength 6803 is         larger than thres 800, triggering a segmentation.
2024-12-13 06:16:14,088 INFO     ['segmenting', '/tmp/[Puff_泡芙_] 【直播回放】佛系主播 埋头唱歌！ 2024年12月13日10点场 20241213..mp4', 'from', 'infinity', 'to', '0:13:20']
2024-12-13 06:16:14,105 DEBUG    Creating converter from 3 to 5
2025-04-20 14:27:38,919 INFO     []
2025-04-20 14:27:40,251 INFO     ('/tmp/[Puff_泡芙_] 【直播回放】经典歌曲放送~ 2021年11月11日10点场 20211111..mp4', 'total seconds', '3:10:16')
2025-04-20 14:27:40,252 DEBUG    filelength 11416 is         larger than thres 800, triggering a segmentation.
2025-04-20 14:27:40,253 INFO     ['segmenting', '/tmp/[Puff_泡芙_] 【直播回放】经典歌曲放送~ 2021年11月11日10点场 20211111..mp4', 'from', 'infinity', 'to', '0:13:20']
2025-04-20 14:27:40,372 DEBUG    Creating converter from 3 to 5
2025-04-20 16:14:05,076 INFO     []
2025-04-20 16:14:06,202 INFO     ('/tmp/[Puff_泡芙_] 【直播回放】经典歌曲放送~ 2021年11月11日10点场 20211111..mp4', 'total seconds', '3:10:16')
2025-04-20 16:14:06,202 DEBUG    filelength 11416 is         larger than thres 800, triggering a segmentation.
2025-04-20 16:14:06,202 INFO     ['segmenting', '/tmp/[Puff_泡芙_] 【直播回放】经典歌曲放送~ 2021年11月11日10点场 20211111..mp4', 'from', 'infinity', 'to', '0:13:20']
2025-04-20 16:14:06,220 DEBUG    Creating converter from 3 to 5
2025-04-20 16:51:59,985 INFO     []
2025-04-20 16:52:01,106 INFO     ('/tmp/[Puff_泡芙_] 【直播回放】经典歌曲放送~ 2021年11月12日9点场 20211112..mp4', 'total seconds', '3:07:27')
2025-04-20 16:52:01,106 DEBUG    filelength 11247 is         larger than thres 800, triggering a segmentation.
2025-04-20 16:52:01,107 INFO     ['segmenting', '/tmp/[Puff_泡芙_] 【直播回放】经典歌曲放送~ 2021年11月12日9点场 20211112..mp4', 'from', 'infinity', 'to', '0:13:20']
2025-04-20 16:52:01,114 DEBUG    Creating converter from 3 to 5
2025-04-20 17:01:37,515 INFO     []
2025-04-20 17:01:38,736 INFO     ('/tmp/[Puff_泡芙_] 【直播回放】经典歌曲放送~ 2021年11月13日9点场 20211113..mp4', 'total seconds', '3:10:46')
2025-04-20 17:01:38,737 DEBUG    filelength 11446 is         larger than thres 800, triggering a segmentation.
2025-04-20 17:01:38,737 INFO     ['segmenting', '/tmp/[Puff_泡芙_] 【直播回放】经典歌曲放送~ 2021年11月13日9点场 20211113..mp4', 'from', 'infinity', 'to', '0:13:20']
2025-04-20 17:01:38,743 DEBUG    Creating converter from 3 to 5
2025-04-20 17:15:55,404 INFO     []
2025-04-20 17:15:56,575 INFO     ('/tmp/[Puff_泡芙_] 【直播回放】经典歌曲放送~ 2021年11月15日9点场 20211115..mp4', 'total seconds', '3:10:28')
2025-04-20 17:15:56,575 DEBUG    filelength 11428 is         larger than thres 800, triggering a segmentation.
2025-04-20 17:15:56,576 INFO     ['segmenting', '/tmp/[Puff_泡芙_] 【直播回放】经典歌曲放送~ 2021年11月15日9点场 20211115..mp4', 'from', 'infinity', 'to', '0:13:20']
2025-04-20 17:15:56,582 DEBUG    Creating converter from 3 to 5
2025-04-20 17:25:34,969 INFO     []
2025-04-20 17:25:36,180 INFO     ('/tmp/[Puff_泡芙_] 【直播回放】经典歌曲放送~ 2021年11月16日10点场 20211116..mp4', 'total seconds', '3:08:38')
2025-04-20 17:25:36,180 DEBUG    filelength 11318 is         larger than thres 800, triggering a segmentation.
2025-04-20 17:25:36,180 INFO     ['segmenting', '/tmp/[Puff_泡芙_] 【直播回放】经典歌曲放送~ 2021年11月16日10点场 20211116..mp4', 'from', 'infinity', 'to', '0:13:20']
2025-04-20 17:25:36,186 DEBUG    Creating converter from 3 to 5
2025-04-20 17:53:09,749 INFO     []
2025-04-20 17:53:11,004 INFO     ('/tmp/[Puff_泡芙_] 【直播回放】经典歌曲放送~ 2021年11月17日9点场 20211117..mp4', 'total seconds', '3:18:48')
2025-04-20 17:53:11,005 DEBUG    filelength 11928 is         larger than thres 800, triggering a segmentation.
2025-04-20 17:53:11,005 INFO     ['segmenting', '/tmp/[Puff_泡芙_] 【直播回放】经典歌曲放送~ 2021年11月17日9点场 20211117..mp4', 'from', 'infinity', 'to', '0:13:20']
2025-04-20 17:53:11,011 DEBUG    Creating converter from 3 to 5
2025-04-21 09:06:05,265 INFO     []
2025-04-21 09:06:06,546 INFO     ('/tmp/[Puff_泡芙_] 【直播回放】佛系主播 埋头唱歌！ 2025年04月20日10点场 20250420..mp4', 'total seconds', '2:31:23')
2025-04-21 09:06:06,546 DEBUG    filelength 9083 is         larger than thres 800, triggering a segmentation.
2025-04-21 09:06:06,547 INFO     ['segmenting', '/tmp/[Puff_泡芙_] 【直播回放】佛系主播 埋头唱歌！ 2025年04月20日10点场 20250420..mp4', 'from', 'infinity', 'to', '0:13:20']
2025-04-21 09:06:06,588 DEBUG    Creating converter from 3 to 5
2025-04-21 11:15:34,145 INFO     []
2025-04-21 11:15:35,435 INFO     ('/tmp/[Puff_泡芙_] 【直播回放】佛系主播 埋头唱歌！ 2025年04月21日10点场 20250421..mp4', 'total seconds', '2:38:46')
2025-04-21 11:15:35,438 DEBUG    filelength 9526 is         larger than thres 800, triggering a segmentation.
2025-04-21 11:15:35,438 INFO     ['segmenting', '/tmp/[Puff_泡芙_] 【直播回放】佛系主播 埋头唱歌！ 2025年04月21日10点场 20250421..mp4', 'from', 'infinity', 'to', '0:13:20']
2025-04-21 11:15:35,531 DEBUG    Creating converter from 3 to 5
